============================= test session starts =============================
platform win32 -- Python 3.14.0, pytest-9.0.1, pluggy-1.6.0 -- C:\Users\deepa\AppData\Local\Python\pythoncore-3.14-64\python.exe
cachedir: .pytest_cache
metadata: {'Python': '3.14.0', 'Platform': 'Windows-11-10.0.26200-SP0', 'Packages': {'pytest': '9.0.1', 'pluggy': '1.6.0'}, 'Plugins': {'allure-pytest': '2.15.2', 'anyio': '4.12.0', 'base-url': '2.1.0', 'html': '4.1.1', 'metadata': '3.1.1', 'playwright': '0.7.2', 'rerunfailures': '16.1', 'xdist': '3.8.0'}, 'JAVA_HOME': 'C:\\Program Files\\Java\\jdk-25', 'Base URL': ''}
rootdir: C:\Basefolder\Playwright\frameworks\PPAF
configfile: pytest.ini
plugins: allure-pytest-2.15.2, anyio-4.12.0, base-url-2.1.0, html-4.1.1, metadata-3.1.1, playwright-0.7.2, rerunfailures-16.1, xdist-3.8.0
collecting ... collected 3 items

tests/api_tests/register/test_generic_api.py::test_get_users ERROR       [ 33%]
tests/ui_tests/login_tests/test_register.py::test_register_data1[test_data0] ERROR [ 66%]
tests/ui_tests/login_tests/test_register_regression.py::test_register_data1[test_data0] ERROR [100%]

=================================== ERRORS ====================================
______________________ ERROR at setup of test_get_users _______________________
conftest.py:64: in base_url
    return ConfigLoader.get_base_url(env)
           ^^^^^^^^^^^^^^^^^^^^^^^^^^^^^^
E   TypeError: ConfigLoader.get_base_url() takes 1 positional argument but 2 were given
______________ ERROR at setup of test_register_data1[test_data0] ______________
conftest.py:64: in base_url
    return ConfigLoader.get_base_url(env)
           ^^^^^^^^^^^^^^^^^^^^^^^^^^^^^^
E   TypeError: ConfigLoader.get_base_url() takes 1 positional argument but 2 were given
______________ ERROR at setup of test_register_data1[test_data0] ______________
conftest.py:64: in base_url
    return ConfigLoader.get_base_url(env)
           ^^^^^^^^^^^^^^^^^^^^^^^^^^^^^^
E   TypeError: ConfigLoader.get_base_url() takes 1 positional argument but 2 were given
============================== warnings summary ===============================
tests\api_tests\register\test_generic_api.py:15
  C:\Basefolder\Playwright\frameworks\PPAF\tests\api_tests\register\test_generic_api.py:15: PytestUnknownMarkWarning: Unknown pytest.mark.api - is this a typo?  You can register custom marks to avoid this warning - for details, see https://docs.pytest.org/en/stable/how-to/mark.html
    @pytest.mark.api

-- Docs: https://docs.pytest.org/en/stable/how-to/capture-warnings.html
=========================== short test summary info ===========================
ERROR tests/api_tests/register/test_generic_api.py::test_get_users - TypeErro...
ERROR tests/ui_tests/login_tests/test_register.py::test_register_data1[test_data0]
ERROR tests/ui_tests/login_tests/test_register_regression.py::test_register_data1[test_data0]
